[2020-05-06T11:25:29.385] [INFO] redsocial - El usuario pepe@email.com se logeo correctamente
[2020-05-06T11:25:30.032] [INFO] redsocial - El usuario ha listado los usuarios correctamente
[2020-05-07T17:07:14.447] [INFO] redsocial - El usuario patata@email.com se logeo correctamente
[2020-05-07T17:07:14.964] [INFO] redsocial - El usuario ha listado los usuarios correctamente
[2020-05-07T17:19:21.015] [INFO] redsocial - El usuario patata@email.com cerró sesión correctamente
[2020-05-07T17:19:49.995] [INFO] redsocial - El usuario prueba@prueba.com se logeo correctamente
[2020-05-07T17:19:50.572] [INFO] redsocial - El usuario ha listado los usuarios correctamente
[2020-05-07T17:20:31.371] [INFO] redsocial - El usuario prueba@prueba.com se logeo correctamente
[2020-05-07T17:20:31.838] [INFO] redsocial - El usuario ha listado los usuarios correctamente
[2020-05-07T17:37:10.070] [INFO] redsocial - El usuario prueba@prueba.com se logeo correctamente
[2020-05-07T17:37:10.542] [INFO] redsocial - El usuario ha listado los usuarios correctamente
[2020-05-07T17:37:19.601] [INFO] redsocial - El usuario ha listado los usuarios correctamente
[2020-05-07T17:37:24.565] [INFO] redsocial - El usuario ha listado los usuarios correctamente
[2020-05-07T17:37:28.102] [INFO] redsocial - El usuario ha listado los usuarios correctamente
[2020-05-07T17:37:32.464] [INFO] redsocial - El usuario ha listado los usuarios correctamente
[2020-05-07T17:40:01.554] [INFO] redsocial - El usuario prueba@prueba.com se logeo correctamente
[2020-05-07T17:40:29.242] [INFO] redsocial - El usuario prueba@prueba.com se logeo correctamente
[2020-05-07T17:40:29.768] [INFO] redsocial - El usuario ha listado los usuarios correctamente
[2020-05-07T17:50:14.654] [INFO] redsocial - El usuario prueba@prueba.com se logeo correctamente
[2020-05-07T17:50:15.246] [INFO] redsocial - El usuario ha listado los usuarios correctamente
[2020-05-07T17:53:36.406] [INFO] redsocial - El usuario prueba@prueba.com se logeo correctamente
[2020-05-07T17:53:37.127] [INFO] redsocial - El usuario ha listado los usuarios correctamente
[2020-05-07T17:54:14.910] [INFO] redsocial - El usuario prueba@prueba.com se logeo correctamente
[2020-05-07T17:54:15.375] [INFO] redsocial - El usuario ha listado los usuarios correctamente
[2020-05-07T17:55:03.138] [INFO] redsocial - El usuario prueba@prueba.com se logeo correctamente
[2020-05-07T17:55:03.706] [INFO] redsocial - El usuario ha listado los usuarios correctamente
[2020-05-07T17:58:07.678] [INFO] redsocial - El usuario prueba@prueba.com se logeo correctamente
[2020-05-07T17:58:08.092] [INFO] redsocial - El usuario ha listado los usuarios correctamente
[2020-05-07T17:58:13.140] [INFO] redsocial - El usuario ha listado los usuarios correctamente
[2020-05-07T17:58:19.651] [INFO] redsocial - El usuario ha listado los usuarios correctamente
[2020-05-07T17:58:22.969] [INFO] redsocial - El usuario ha listado los usuarios correctamente
[2020-05-07T17:58:27.821] [INFO] redsocial - El usuario ha listado los usuarios correctamente
[2020-05-07T17:58:30.545] [INFO] redsocial - El usuario ha listado los usuarios correctamente
[2020-05-07T17:59:17.015] [INFO] redsocial - El usuario ha listado los usuarios correctamente
[2020-05-07T18:00:13.700] [INFO] redsocial - El usuario prueba@prueba.com se logeo correctamente
[2020-05-07T18:00:14.307] [INFO] redsocial - El usuario ha listado los usuarios correctamente
[2020-05-07T18:00:17.996] [INFO] redsocial - El usuario ha listado los usuarios correctamente
[2020-05-07T18:00:20.788] [INFO] redsocial - El usuario ha listado los usuarios correctamente
[2020-05-07T18:00:24.311] [INFO] redsocial - El usuario ha listado los usuarios correctamente
[2020-05-07T18:00:30.426] [INFO] redsocial - El usuario ha listado los usuarios correctamente
[2020-05-07T18:18:32.822] [INFO] redsocial - El usuario prueba@prueba.com se logeo correctamente
[2020-05-07T18:26:53.771] [INFO] redsocial - El usuario prueba@prueba.com se logeo correctamente
[2020-05-07T18:26:54.391] [INFO] redsocial - El usuario ha listado los usuarios correctamente
[2020-05-07T18:26:58.022] [INFO] redsocial - El usuario ha listado los usuarios correctamente
[2020-05-07T18:27:45.984] [INFO] redsocial - El usuario prueba@prueba.com cerró sesión correctamente
[2020-05-07T18:29:19.103] [INFO] redsocial - El usuario prueba@prueba.com se logeo correctamente
[2020-05-07T18:29:19.598] [INFO] redsocial - El usuario ha listado los usuarios correctamente
[2020-05-07T18:29:32.312] [INFO] redsocial - El usuario ha listado los usuarios correctamente
[2020-05-07T18:29:35.873] [INFO] redsocial - El usuario ha listado los usuarios correctamente
[2020-05-07T18:29:45.706] [INFO] redsocial - El usuario ha listado los usuarios correctamente
[2020-05-07T18:29:49.104] [INFO] redsocial - El usuario ha listado los usuarios correctamente
[2020-05-07T18:30:36.990] [INFO] redsocial - El usuario prueba@prueba.com cerró sesión correctamente
[2020-05-07T18:31:40.079] [INFO] redsocial - El usuario prueba@prueba.com se logeo correctamente
[2020-05-07T18:31:40.593] [INFO] redsocial - El usuario ha listado los usuarios correctamente
[2020-05-07T18:31:43.752] [INFO] redsocial - El usuario ha listado los usuarios correctamente
[2020-05-07T18:31:46.782] [INFO] redsocial - El usuario ha listado los usuarios correctamente
[2020-05-07T18:31:49.693] [INFO] redsocial - El usuario ha listado los usuarios correctamente
[2020-05-07T18:31:51.901] [INFO] redsocial - El usuario ha listado los usuarios correctamente
[2020-05-07T18:32:39.195] [INFO] redsocial - El usuario prueba@prueba.com se logeo correctamente
[2020-05-07T18:32:39.738] [INFO] redsocial - El usuario ha listado los usuarios correctamente
[2020-05-07T18:32:43.148] [INFO] redsocial - El usuario ha listado los usuarios correctamente
[2020-05-07T18:32:45.310] [INFO] redsocial - El usuario ha listado los usuarios correctamente
[2020-05-07T18:37:18.037] [INFO] redsocial - El usuario prueba@prueba.com se logeo correctamente
[2020-05-07T18:37:18.561] [INFO] redsocial - El usuario ha listado los usuarios correctamente
[2020-05-07T18:37:29.572] [INFO] redsocial - El usuario ha listado los usuarios correctamente
[2020-05-07T18:37:37.370] [INFO] redsocial - El usuario ha listado los usuarios correctamente
[2020-05-07T18:37:40.247] [INFO] redsocial - El usuario ha listado los usuarios correctamente
[2020-05-07T18:37:52.571] [INFO] redsocial - El usuario ha listado los usuarios correctamente
[2020-05-07T18:38:00.372] [INFO] redsocial - El usuario ha listado los usuarios correctamente
